<?xml version="1.0" encoding="UTF-8"?>
<!-- Generated by org.testng.reporters.JUnitReportReporter -->
<testsuite hostname="DESKTOP-VCQ06ME" failures="0" tests="3" name="restassured.rest.com.DynamicJson" time="3.972" errors="0" timestamp="2024-09-05T13:29:00 IST" skipped="0">
  <testcase classname="restassured.rest.com.DynamicJson" name="addBook" time="1.166"/>
  <testcase classname="restassured.rest.com.DynamicJson" name="addBook" time="0.187"/>
  <testcase classname="restassured.rest.com.DynamicJson" name="addBook" time="2.619"/>
</testsuite> <!-- restassured.rest.com.DynamicJson -->
